<?xml version="1.0" encoding="UTF-8"?>
<!-- Generated by org.testng.reporters.JUnitXMLReporter -->
<testsuite hostname="MNCTVN05589" name="Default test" tests="30" failures="0" timestamp="30 Sep 2020 06:58:36 GMT" time="137.721" errors="0">
  <testcase name="beforeFollowStatus" time="15.327" classname="testcases.TestFollow"/>
  <testcase name="beforeFollowStatus" time="9.983" classname="testcases.TestFollow"/>
  <testcase name="follow" time="6.1" classname="testcases.TestFollow"/>
  <testcase name="follow" time="4.476" classname="testcases.TestFollow"/>
  <testcase name="afterFollowStatus" time="6.804" classname="testcases.TestFollow"/>
  <testcase name="afterFollowStatus" time="6.313" classname="testcases.TestFollow"/>
  <testcase name="alreadyFollow" time="4.081" classname="testcases.TestFollow"/>
  <testcase name="alreadyFollow" time="4.015" classname="testcases.TestFollow"/>
  <testcase name="following" time="4.344" classname="testcases.TestFollow"/>
  <testcase name="following" time="4.144" classname="testcases.TestFollow"/>
  <testcase name="follower" time="4.292" classname="testcases.TestFollow"/>
  <testcase name="follower" time="4.251" classname="testcases.TestFollow"/>
  <testcase name="followerTokenUser" time="5.714" classname="testcases.TestFollow"/>
  <testcase name="followerTokenUser" time="5.388" classname="testcases.TestFollow"/>
  <testcase name="followerTokenVisitor" time="4.157" classname="testcases.TestFollow"/>
  <testcase name="followerTokenVisitor" time="4.567" classname="testcases.TestFollow"/>
  <testcase name="Unfollow" time="3.883" classname="testcases.TestFollow"/>
  <testcase name="Unfollow" time="3.597" classname="testcases.TestFollow"/>
  <testcase name="alreadyUnfollow" time="3.469" classname="testcases.TestFollow"/>
  <testcase name="alreadyUnfollow" time="3.983" classname="testcases.TestFollow"/>
  <testcase name="followSelf" time="3.969" classname="testcases.TestFollow"/>
  <testcase name="followSelf" time="3.792" classname="testcases.TestFollow"/>
  <testcase name="followWithoutToken" time="2.193" classname="testcases.TestFollow"/>
  <testcase name="followWithoutToken" time="1.736" classname="testcases.TestFollow"/>
  <testcase name="followWithVisitorToken" time="2.606" classname="testcases.TestFollow"/>
  <testcase name="followWithVisitorToken" time="2.228" classname="testcases.TestFollow"/>
  <testcase name="unfollowWithoutToken" time="2.1" classname="testcases.TestFollow"/>
  <testcase name="unfollowWithoutToken" time="2.253" classname="testcases.TestFollow"/>
  <testcase name="unfollowWithVisitorToken" time="2.756" classname="testcases.TestFollow"/>
  <testcase name="unfollowWithVisitorToken" time="2.401" classname="testcases.TestFollow"/>
</testsuite> <!-- Default test -->
