<?xml version="1.0" encoding="UTF-8"?>
<!-- Generated by org.testng.reporters.JUnitXMLReporter -->
<testsuite hostname="MNCTVN05589" name="Test" tests="45" failures="1" timestamp="29 Sep 2020 08:47:22 GMT" time="339.264" errors="0">
  <testcase name="postComment" time="26.775" classname="testcases.TestEditUser"/>
  <testcase name="user" time="0.0" classname="testcases.TestSearch">
    <skipped/>
  </testcase> <!-- user -->
  <testcase name="userNotFound" time="4.332" classname="testcases.TestSearch"/>
  <testcase name="video" time="0.0" classname="testcases.TestSearch">
    <skipped/>
  </testcase> <!-- video -->
  <testcase name="videoNotFound" time="3.386" classname="testcases.TestSearch"/>
  <testcase name="like" time="22.31" classname="testcases.TestLike"/>
  <testcase name="likeAlready" time="19.682" classname="testcases.TestLike"/>
  <testcase name="unlike" time="18.822" classname="testcases.TestLike"/>
  <testcase name="unlikeAlready" time="17.978" classname="testcases.TestLike"/>
  <testcase name="likeWithoutToken" time="14.912" classname="testcases.TestLike"/>
  <testcase name="likeWithTokenVisitor" time="15.469" classname="testcases.TestLike"/>
  <testcase name="unlikeWithoutToken" time="12.363" classname="testcases.TestLike"/>
  <testcase name="unlikeWithTokenVisitor" time="12.97" classname="testcases.TestLike"/>
  <testcase name="competitionNow" time="2.585" classname="testcases.TestCompetition"/>
  <testcase name="competitionSoon" time="2.582" classname="testcases.TestCompetition"/>
  <testcase name="competitionExpired" time="2.178" classname="testcases.TestCompetition"/>
  <testcase name="viewWithLogin" time="15.343" classname="testcases.TestViews"/>
  <testcase name="getViewWithLogin" time="17.493" classname="testcases.TestViews"/>
  <testcase name="getQuota" time="14.653" classname="testcases.TestVoteCompetition"/>
  <testcase name="postVote" time="24.74" classname="testcases.TestVoteCompetition"/>
  <testcase name="postVoteLebih" time="21.822" classname="testcases.TestVoteCompetition"/>
  <testcase name="postVoteNullQuota" time="20.795" classname="testcases.TestVoteCompetition">
    <failure type="java.lang.AssertionError" message="1 expectation failed.
Expected status code &amp;lt;200&amp;gt; but was &amp;lt;404&amp;gt;.
">
      <![CDATA[java.lang.AssertionError: 1 expectation failed.
Expected status code <200> but was <404>.

	at org.codehaus.groovy.runtime.callsite.ConstructorSite$ConstructorSiteNoUnwrap.callConstructor(ConstructorSite.java:84)
	at org.codehaus.groovy.runtime.callsite.CallSiteArray.defaultCallConstructor(CallSiteArray.java:59)
	at org.codehaus.groovy.runtime.callsite.AbstractCallSite.callConstructor(AbstractCallSite.java:238)
	at org.codehaus.groovy.runtime.callsite.AbstractCallSite.callConstructor(AbstractCallSite.java:250)
	at io.restassured.internal.ResponseSpecificationImpl$HamcrestAssertionClosure.validate(ResponseSpecificationImpl.groovy:494)
	at io.restassured.internal.ResponseSpecificationImpl$HamcrestAssertionClosure$validate$1.call(Unknown Source)
	at io.restassured.internal.RequestSpecificationImpl.applyPathParamsAndSendRequest(RequestSpecificationImpl.groovy:1750)
	at groovy.lang.MetaMethod.doMethodInvoke(MetaMethod.java:325)
	at groovy.lang.MetaClassImpl.invokeMethod(MetaClassImpl.java:1225)
	at groovy.lang.MetaClassImpl.invokeMethod(MetaClassImpl.java:1034)
	at groovy.lang.MetaClassImpl.invokeMethod(MetaClassImpl.java:822)
	at io.restassured.internal.RequestSpecificationImpl.invokeMethod(RequestSpecificationImpl.groovy)
	at org.codehaus.groovy.runtime.callsite.PogoInterceptableSite.call(PogoInterceptableSite.java:47)
	at org.codehaus.groovy.runtime.callsite.PogoInterceptableSite.callCurrent(PogoInterceptableSite.java:57)
	at org.codehaus.groovy.runtime.callsite.AbstractCallSite.callCurrent(AbstractCallSite.java:185)
	at io.restassured.internal.RequestSpecificationImpl.applyPathParamsAndSendRequest(RequestSpecificationImpl.groovy:1755)
	at groovy.lang.MetaMethod.doMethodInvoke(MetaMethod.java:325)
	at groovy.lang.MetaClassImpl.invokeMethod(MetaClassImpl.java:1225)
	at groovy.lang.MetaClassImpl.invokeMethod(MetaClassImpl.java:1034)
	at groovy.lang.MetaClassImpl.invokeMethod(MetaClassImpl.java:822)
	at io.restassured.internal.RequestSpecificationImpl.invokeMethod(RequestSpecificationImpl.groovy)
	at org.codehaus.groovy.runtime.callsite.PogoInterceptableSite.call(PogoInterceptableSite.java:47)
	at org.codehaus.groovy.runtime.callsite.PogoInterceptableSite.callCurrent(PogoInterceptableSite.java:57)
	at org.codehaus.groovy.runtime.callsite.AbstractCallSite.callCurrent(AbstractCallSite.java:185)
	at io.restassured.internal.RequestSpecificationImpl.post(RequestSpecificationImpl.groovy:175)
	at io.restassured.internal.RequestSpecificationImpl.post(RequestSpecificationImpl.groovy)
	at groovy.lang.MetaMethod.doMethodInvoke(MetaMethod.java:325)
	at groovy.lang.MetaClassImpl.invokeMethod(MetaClassImpl.java:1225)
	at groovy.lang.MetaClassImpl.invokeMethod(MetaClassImpl.java:1034)
	at groovy.lang.MetaClassImpl.invokeMethod(MetaClassImpl.java:822)
	at io.restassured.internal.RequestSpecificationImpl.invokeMethod(RequestSpecificationImpl.groovy)
	at org.codehaus.groovy.runtime.callsite.PogoInterceptableSite.call(PogoInterceptableSite.java:47)
	at org.codehaus.groovy.runtime.callsite.PogoInterceptableSite.callCurrent(PogoInterceptableSite.java:57)
	at org.codehaus.groovy.runtime.callsite.AbstractCallSite.callCurrent(AbstractCallSite.java:169)
	at io.restassured.internal.RequestSpecificationImpl.post(RequestSpecificationImpl.groovy:259)
	at io.restassured.internal.RequestSpecificationImpl.post(RequestSpecificationImpl.groovy)
	at function.Validation.postBody(Validation.java:60)
	at testcases.TestVoteCompetition.postVoteNullQuota(TestVoteCompetition.java:122)
... Removed 46 stack frames]]>
    </failure>
  </testcase> <!-- postVoteNullQuota -->
  <testcase name="postComment" time="13.884" classname="testcases.TestComment"/>
  <testcase name="getComment" time="14.711" classname="testcases.TestComment"/>
  <testcase name="getHomeCategory" time="4.3" classname="testcases.TestHome"/>
  <testcase name="getHomeByCompetition" time="8.487" classname="testcases.TestHome"/>
  <testcase name="getListCompetition" time="4.69" classname="testcases.TestHome"/>
  <testcase name="beforeFollowStatus" time="0.0" classname="testcases.TestFollow">
    <skipped/>
  </testcase> <!-- beforeFollowStatus -->
  <testcase name="follow" time="0.0" classname="testcases.TestFollow">
    <skipped/>
  </testcase> <!-- follow -->
  <testcase name="afterFollowStatus" time="0.0" classname="testcases.TestFollow">
    <skipped/>
  </testcase> <!-- afterFollowStatus -->
  <testcase name="alreadyFollow" time="0.0" classname="testcases.TestFollow">
    <skipped/>
  </testcase> <!-- alreadyFollow -->
  <testcase name="following" time="0.0" classname="testcases.TestFollow">
    <skipped/>
  </testcase> <!-- following -->
  <testcase name="follower" time="0.0" classname="testcases.TestFollow">
    <skipped/>
  </testcase> <!-- follower -->
  <testcase name="followerTokenUser" time="0.0" classname="testcases.TestFollow">
    <skipped/>
  </testcase> <!-- followerTokenUser -->
  <testcase name="followerTokenVisitor" time="0.0" classname="testcases.TestFollow">
    <skipped/>
  </testcase> <!-- followerTokenVisitor -->
  <testcase name="Unfollow" time="0.0" classname="testcases.TestFollow">
    <skipped/>
  </testcase> <!-- Unfollow -->
  <testcase name="alreadyUnfollow" time="0.0" classname="testcases.TestFollow">
    <skipped/>
  </testcase> <!-- alreadyUnfollow -->
  <testcase name="followSelf" time="0.0" classname="testcases.TestFollow">
    <skipped/>
  </testcase> <!-- followSelf -->
  <testcase name="followWithoutToken" time="0.0" classname="testcases.TestFollow">
    <skipped/>
  </testcase> <!-- followWithoutToken -->
  <testcase name="followWithVisitorToken" time="0.0" classname="testcases.TestFollow">
    <skipped/>
  </testcase> <!-- followWithVisitorToken -->
  <testcase name="unfollowWithoutToken" time="0.0" classname="testcases.TestFollow">
    <skipped/>
  </testcase> <!-- unfollowWithoutToken -->
  <testcase name="unfollowWithVisitorToken" time="0.0" classname="testcases.TestFollow">
    <skipped/>
  </testcase> <!-- unfollowWithVisitorToken -->
  <testcase name="myProfile" time="0.0" classname="testcases.TestUser">
    <skipped/>
  </testcase> <!-- myProfile -->
  <testcase name="otherUserVisitorToken" time="0.0" classname="testcases.TestUser">
    <skipped/>
  </testcase> <!-- otherUserVisitorToken -->
  <testcase name="otherUserTokenUser" time="0.0" classname="testcases.TestUser">
    <skipped/>
  </testcase> <!-- otherUserTokenUser -->
</testsuite> <!-- Test -->
