<?xml version="1.0" encoding="UTF-8"?>
<testsuite xmlns:xsi="http://www.w3.org/2001/XMLSchema-instance" xsi:noNamespaceSchemaLocation="https://maven.apache.org/surefire/maven-surefire-plugin/xsd/surefire-test-report-3.0.xsd" version="3.0" name="TestSuite" time="343.992" tests="45" errors="0" skipped="20" failures="1">
  <properties>
[...]
</properties>
  <testcase name="postComment" classname="testcases.TestEditUser" time="26.775"/>
  <testcase name="user" classname="testcases.TestSearch" time="0">
    <skipped message="java.io.FileNotFoundException: ..\api-hot\src\test\java\com\test\api\datatest\data.xlsx (The system cannot find the path specified)"/>
  </testcase>
  <testcase name="userNotFound" classname="testcases.TestSearch" time="4.333"/>
  <testcase name="video" classname="testcases.TestSearch" time="0">
    <skipped message="java.io.FileNotFoundException: ..\api-hot\src\test\java\com\test\api\datatest\data.xlsx (The system cannot find the path specified)"/>
  </testcase>
  <testcase name="videoNotFound" classname="testcases.TestSearch" time="3.386"/>
  <testcase name="like" classname="testcases.TestLike" time="22.31"/>
  <testcase name="likeAlready" classname="testcases.TestLike" time="19.681"/>
  <testcase name="unlike" classname="testcases.TestLike" time="18.822"/>
  <testcase name="unlikeAlready" classname="testcases.TestLike" time="17.979"/>
  <testcase name="likeWithoutToken" classname="testcases.TestLike" time="14.911"/>
  <testcase name="likeWithTokenVisitor" classname="testcases.TestLike" time="15.469"/>
  <testcase name="unlikeWithoutToken" classname="testcases.TestLike" time="12.363"/>
  <testcase name="unlikeWithTokenVisitor" classname="testcases.TestLike" time="12.97"/>
  <testcase name="competitionNow" classname="testcases.TestCompetition" time="2.592"/>
  <testcase name="competitionSoon" classname="testcases.TestCompetition" time="2.592"/>
  <testcase name="competitionExpired" classname="testcases.TestCompetition" time="2.2"/>
  <testcase name="viewWithLogin" classname="testcases.TestViews" time="15.325"/>
  <testcase name="getViewWithLogin" classname="testcases.TestViews" time="17.492"/>
  <testcase name="getQuota" classname="testcases.TestVoteCompetition" time="14.653"/>
  <testcase name="postVote" classname="testcases.TestVoteCompetition" time="24.74"/>
  <testcase name="postVoteLebih" classname="testcases.TestVoteCompetition" time="21.822"/>
  <testcase name="postVoteNullQuota" classname="testcases.TestVoteCompetition" time="20.815">
    <failure message="1 expectation failed.&#10;Expected status code &lt;200&gt; but was &lt;404&gt;.&#10;" type="java.lang.AssertionError"><![CDATA[java.lang.AssertionError: 
1 expectation failed.
Expected status code <200> but was <404>.

	at testcases.TestVoteCompetition.postVoteNullQuota(TestVoteCompetition.java:122)
]]></failure>
    <system-out><![CDATA[Response Body: [1, 2, 3]
1
Response Body: [1, 2, 3]
1
Response Body: [1, 2, 3]
1
Request method:	POST
Request URI:	https://rc-api.rctiplus.com/api/v3/login
Proxy:			<none>
Request params:	<none>
Query params:	<none>
Form params:	<none>
Path params:	<none>
Headers:		Authorization=eyJ0eXAiOiJKV1QiLCJhbGciOiJIUzI1NiJ9.eyJ2aWQiOjAsInRva2VuIjoiMGQ2NjhmYjAzYmM2OGI0YiIsInBsIjoiYW5kcm9pZCIsImRldmljZV9pZCI6IjlhMDdmOTg4ZWE1MWE1ZDMifQ.ptvbpBxReSz7qg2xLQ-mOJ6ECt-J9y4A_I3b8y8mTJo
				Accept=*/*
				Content-Type=application/json; charset=UTF-8
Cookies:		<none>
Multiparts:		<none>
Body:
{
    "password": "dikakoko",
    "device_id": "1234",
    "platform": "android",
    "username": "dikakoko04@gmail.com"
}
HTTP/1.1 200 OK
Date: Tue, 29 Sep 2020 08:46:35 GMT
Content-Type: application/json
Transfer-Encoding: chunked
Connection: keep-alive
Set-Cookie: __cfduid=df2d9ef817fc6be87663e728d71d6f3fe1601369194; expires=Thu, 29-Oct-20 08:46:34 GMT; path=/; domain=.rctiplus.com; HttpOnly; SameSite=Lax; Secure
access-control-allow-methods: GET, POST, OPTIONS, DELETE
access-control-allow-headers: Accept-Encoding, Accept-Language, Accept, Authorization, Cache-Control, Connection, Content-Language, Content-Type, DNT, Host, If-Modified-Since, Keep-Alive, Origin, Platform, Referer, User-Agent, X-CustomHeader, X-Requested-With
access-control-allow-origin: *
CF-Cache-Status: DYNAMIC
cf-request-id: 057aa3d8bf0000a2fa450a7200000001
Expect-CT: max-age=604800, report-uri="https://report-uri.cloudflare.com/cdn-cgi/beacon/expect-ct"
Server: cloudflare
CF-RAY: 5da46f3acfbaa2fa-HKG
Content-Encoding: gzip

{
    "data": {
        "id": 6211,
        "nickname": "ddddddddddddddd",
        "display_name": "dddddddddddddddff",
        "email": "dikakoko04@gmail.com",
        "email_verified": "yes",
        "phone_number": null,
        "phone_verified": "no",
        "photo_url": "https://rc-static.rctiplus.id/avatar/6211_cropped2845136147149792017_20200928092041.jpg",
        "dob": 910137600,
        "location": null,
        "gender": "",
        "access_token": "eyJ0eXAiOiJKV1QiLCJhbGciOiJIUzI1NiJ9.eyJ2aWQiOjYyMTEsInRva2VuIjoiMDExOGJmZDk4NDI5YzIzNyIsInBsIjoiYW5kcm9pZCIsImRldmljZV9pZCI6IjEyMzQifQ.Ef2vp6XagJc4gcG1A7VnEHd7MDXteQfmknMUSNIHbro",
        "interest": [
            {
                "id": 37,
                "name": "Drama Komedi",
                "image": ""
            },
            {
                "id": 16,
                "name": "Sitcom",
                "image": "/files/fta_rcti/Genre/genre_sitkom_min_1.jpg"
            },
            {
                "id": 13,
                "name": "Animation",
                "image": "/files/fta_rcti/Genre/genre_animasi_min_1.jpg"
            }
        ],
        "photoURL": "https://rc-static.rctiplus.id/avatar/6211_cropped2845136147149792017_20200928092041.jpg",
        "username": "dikakoko04@gmail.com"
    },
    "meta": {
        "image_path": "https://rc-static.rctiplus.id/avatar/"
    },
    "status": {
        "code": 0,
        "message_server": "Success",
        "message_client": "Success"
    }
}
Request method:	POST
Request URI:	https://rc-api.rctiplus.com/api/v3/login
Proxy:			<none>
Request params:	<none>
Query params:	<none>
Form params:	<none>
Path params:	<none>
Headers:		Authorization=eyJ0eXAiOiJKV1QiLCJhbGciOiJIUzI1NiJ9.eyJ2aWQiOjAsInRva2VuIjoiMGQ2NjhmYjAzYmM2OGI0YiIsInBsIjoiYW5kcm9pZCIsImRldmljZV9pZCI6IjlhMDdmOTg4ZWE1MWE1ZDMifQ.ptvbpBxReSz7qg2xLQ-mOJ6ECt-J9y4A_I3b8y8mTJo
				Accept=*/*
				Content-Type=application/json; charset=UTF-8
Cookies:		<none>
Multiparts:		<none>
Body:
{
    "password": "dikakoko",
    "device_id": "1234",
    "platform": "android",
    "username": "dikakoko04@gmail.com"
}
Request method:	POST
Request URI:	https://rc-api.rctiplus.com/ugc-vote/api/v1/vote/competition
Proxy:			<none>
Request params:	<none>
Query params:	<none>
Form params:	<none>
Path params:	<none>
Headers:		Authorization=eyJ0eXAiOiJKV1QiLCJhbGciOiJIUzI1NiJ9.eyJ2aWQiOjYyMTEsInRva2VuIjoiYjNiYzViOWQ3N2QxY2ZkMSIsInBsIjoiYW5kcm9pZCIsImRldmljZV9pZCI6IjEyMzQifQ.QmR-t0E8Lo6wBi-H9sj-rOBJ6QcE7LuY4Iyk8UoD3fE
				Accept=*/*
				Content-Type=application/json; charset=UTF-8
Cookies:		<none>
Multiparts:		<none>
Body:
{
    "contestant_id": 816364,
    "competition_id": 13,
    "vote_number": 1,
    "video_id": 272
}
HTTP/1.1 404 Not Found
Date: Tue, 29 Sep 2020 08:46:36 GMT
Content-Type: application/json; charset=UTF-8
Transfer-Encoding: chunked
Connection: keep-alive
Set-Cookie: __cfduid=dfacb5d3d4940ae39311122808e5b8f671601369196; expires=Thu, 29-Oct-20 08:46:36 GMT; path=/; domain=.rctiplus.com; HttpOnly; SameSite=Lax; Secure
Access-Control-Allow-Origin: *
Vary: Origin
CF-Cache-Status: DYNAMIC
cf-request-id: 057aa3def80000d1a7cb284200000001
Expect-CT: max-age=604800, report-uri="https://report-uri.cloudflare.com/cdn-cgi/beacon/expect-ct"
Server: cloudflare
CF-RAY: 5da46f44cbaad1a7-HKG
Content-Encoding: gzip

{
    "data": null,
    "meta": null,
    "status": {
        "code": 404,
        "message_client": "No quota to vote",
        "message_server": "You don't have any quote to vote"
    }
}
HTTP/1.1 404 Not Found
Date: Tue, 29 Sep 2020 08:46:36 GMT
Content-Type: application/json; charset=UTF-8
Transfer-Encoding: chunked
Connection: keep-alive
Set-Cookie: __cfduid=dfacb5d3d4940ae39311122808e5b8f671601369196; expires=Thu, 29-Oct-20 08:46:36 GMT; path=/; domain=.rctiplus.com; HttpOnly; SameSite=Lax; Secure
Access-Control-Allow-Origin: *
Vary: Origin
CF-Cache-Status: DYNAMIC
cf-request-id: 057aa3def80000d1a7cb284200000001
Expect-CT: max-age=604800, report-uri="https://report-uri.cloudflare.com/cdn-cgi/beacon/expect-ct"
Server: cloudflare
CF-RAY: 5da46f44cbaad1a7-HKG
Content-Encoding: gzip

{
    "data": null,
    "meta": null,
    "status": {
        "code": 404,
        "message_client": "No quota to vote",
        "message_server": "You don't have any quote to vote"
    }
}
]]></system-out>
  </testcase>
  <testcase name="postComment" classname="testcases.TestComment" time="13.885"/>
  <testcase name="getComment" classname="testcases.TestComment" time="14.712"/>
  <testcase name="getHomeCategory" classname="testcases.TestHome" time="4.3"/>
  <testcase name="getHomeByCompetition" classname="testcases.TestHome" time="8.488"/>
  <testcase name="getListCompetition" classname="testcases.TestHome" time="4.689"/>
  <testcase name="beforeFollowStatus" classname="testcases.TestFollow" time="0">
    <skipped message="java.io.FileNotFoundException: ..\api-hot\src\test\java\com\test\api\datatest\data.xlsx (The system cannot find the path specified)"/>
  </testcase>
  <testcase name="follow" classname="testcases.TestFollow" time="0">
    <skipped message="java.io.FileNotFoundException: ..\api-hot\src\test\java\com\test\api\datatest\data.xlsx (The system cannot find the path specified)"/>
  </testcase>
  <testcase name="afterFollowStatus" classname="testcases.TestFollow" time="0">
    <skipped message="java.io.FileNotFoundException: ..\api-hot\src\test\java\com\test\api\datatest\data.xlsx (The system cannot find the path specified)"/>
  </testcase>
  <testcase name="alreadyFollow" classname="testcases.TestFollow" time="0">
    <skipped message="java.io.FileNotFoundException: ..\api-hot\src\test\java\com\test\api\datatest\data.xlsx (The system cannot find the path specified)"/>
  </testcase>
  <testcase name="following" classname="testcases.TestFollow" time="0">
    <skipped message="java.io.FileNotFoundException: ..\api-hot\src\test\java\com\test\api\datatest\data.xlsx (The system cannot find the path specified)"/>
  </testcase>
  <testcase name="follower" classname="testcases.TestFollow" time="0">
    <skipped message="java.io.FileNotFoundException: ..\api-hot\src\test\java\com\test\api\datatest\data.xlsx (The system cannot find the path specified)"/>
  </testcase>
  <testcase name="followerTokenUser" classname="testcases.TestFollow" time="0">
    <skipped message="java.io.FileNotFoundException: ..\api-hot\src\test\java\com\test\api\datatest\data.xlsx (The system cannot find the path specified)"/>
  </testcase>
  <testcase name="followerTokenVisitor" classname="testcases.TestFollow" time="0">
    <skipped message="java.io.FileNotFoundException: ..\api-hot\src\test\java\com\test\api\datatest\data.xlsx (The system cannot find the path specified)"/>
  </testcase>
  <testcase name="Unfollow" classname="testcases.TestFollow" time="0">
    <skipped message="java.io.FileNotFoundException: ..\api-hot\src\test\java\com\test\api\datatest\data.xlsx (The system cannot find the path specified)"/>
  </testcase>
  <testcase name="alreadyUnfollow" classname="testcases.TestFollow" time="0">
    <skipped message="java.io.FileNotFoundException: ..\api-hot\src\test\java\com\test\api\datatest\data.xlsx (The system cannot find the path specified)"/>
  </testcase>
  <testcase name="followSelf" classname="testcases.TestFollow" time="0">
    <skipped message="java.io.FileNotFoundException: ..\api-hot\src\test\java\com\test\api\datatest\data.xlsx (The system cannot find the path specified)"/>
  </testcase>
  <testcase name="followWithoutToken" classname="testcases.TestFollow" time="0">
    <skipped message="java.io.FileNotFoundException: ..\api-hot\src\test\java\com\test\api\datatest\data.xlsx (The system cannot find the path specified)"/>
  </testcase>
  <testcase name="followWithVisitorToken" classname="testcases.TestFollow" time="0">
    <skipped message="java.io.FileNotFoundException: ..\api-hot\src\test\java\com\test\api\datatest\data.xlsx (The system cannot find the path specified)"/>
  </testcase>
  <testcase name="unfollowWithoutToken" classname="testcases.TestFollow" time="0">
    <skipped message="java.io.FileNotFoundException: ..\api-hot\src\test\java\com\test\api\datatest\data.xlsx (The system cannot find the path specified)"/>
  </testcase>
  <testcase name="unfollowWithVisitorToken" classname="testcases.TestFollow" time="0">
    <skipped message="java.io.FileNotFoundException: ..\api-hot\src\test\java\com\test\api\datatest\data.xlsx (The system cannot find the path specified)"/>
  </testcase>
  <testcase name="myProfile" classname="testcases.TestUser" time="0">
    <skipped message="java.io.FileNotFoundException: ..\api-hot\src\test\java\com\test\api\datatest\data.xlsx (The system cannot find the path specified)"/>
  </testcase>
  <testcase name="otherUserVisitorToken" classname="testcases.TestUser" time="0">
    <skipped message="java.io.FileNotFoundException: ..\api-hot\src\test\java\com\test\api\datatest\data.xlsx (The system cannot find the path specified)"/>
  </testcase>
  <testcase name="otherUserTokenUser" classname="testcases.TestUser" time="0">
    <skipped message="java.io.FileNotFoundException: ..\api-hot\src\test\java\com\test\api\datatest\data.xlsx (The system cannot find the path specified)"/>
  </testcase>
</testsuite>